Analysis & Synthesis report for crossbar
Thu Jan 20 12:50:39 2022
Quartus Prime Version 18.0.0 Build 614 04/24/2018 SJ Lite Edition


---------------------
; Table of Contents ;
---------------------
  1. Legal Notice
  2. Analysis & Synthesis Summary
  3. Analysis & Synthesis Settings
  4. Parallel Compilation
  5. Analysis & Synthesis Source Files Read
  6. Analysis & Synthesis Resource Usage Summary
  7. Analysis & Synthesis Resource Utilization by Entity
  8. State Machine - |crossbar|round_robin_arb:round_robin_arb_3|state
  9. State Machine - |crossbar|round_robin_arb:round_robin_arb_2|state
 10. State Machine - |crossbar|round_robin_arb:round_robin_arb_1|state
 11. State Machine - |crossbar|round_robin_arb:round_robin_arb_0|state
 12. Registers Removed During Synthesis
 13. General Register Statistics
 14. Multiplexer Restructuring Statistics (Restructuring Performed)
 15. Parameter Settings for User Entity Instance: Top-level Entity: |crossbar
 16. Parameter Settings for User Entity Instance: selector_4_1:selector_4_1_0
 17. Parameter Settings for User Entity Instance: selector_4_1:selector_4_1_1
 18. Parameter Settings for User Entity Instance: selector_4_1:selector_4_1_2
 19. Parameter Settings for User Entity Instance: selector_4_1:selector_4_1_3
 20. Parameter Settings for User Entity Instance: mux_4_1:ack_mux_4_1_0
 21. Parameter Settings for User Entity Instance: mux_4_1:ack_mux_4_1_1
 22. Parameter Settings for User Entity Instance: mux_4_1:ack_mux_4_1_2
 23. Parameter Settings for User Entity Instance: mux_4_1:ack_mux_4_1_3
 24. Parameter Settings for User Entity Instance: mux_4_1:rdata_mux_4_1_0
 25. Parameter Settings for User Entity Instance: mux_4_1:rdata_mux_4_1_1
 26. Parameter Settings for User Entity Instance: mux_4_1:rdata_mux_4_1_2
 27. Parameter Settings for User Entity Instance: mux_4_1:rdata_mux_4_1_3
 28. Post-Synthesis Netlist Statistics for Top Partition
 29. Elapsed Time Per Partition
 30. Analysis & Synthesis Messages



----------------
; Legal Notice ;
----------------
Copyright (C) 2018  Intel Corporation. All rights reserved.
Your use of Intel Corporation's design tools, logic functions 
and other software and tools, and its AMPP partner logic 
functions, and any output files from any of the foregoing 
(including device programming or simulation files), and any 
associated documentation or information are expressly subject 
to the terms and conditions of the Intel Program License 
Subscription Agreement, the Intel Quartus Prime License Agreement,
the Intel FPGA IP License Agreement, or other applicable license
agreement, including, without limitation, that your use is for
the sole purpose of programming logic devices manufactured by
Intel and sold by Intel or its authorized distributors.  Please
refer to the applicable agreement for further details.



+----------------------------------------------------------------------------------+
; Analysis & Synthesis Summary                                                     ;
+------------------------------------+---------------------------------------------+
; Analysis & Synthesis Status        ; Successful - Thu Jan 20 12:50:39 2022       ;
; Quartus Prime Version              ; 18.0.0 Build 614 04/24/2018 SJ Lite Edition ;
; Revision Name                      ; crossbar                                    ;
; Top-level Entity Name              ; crossbar                                    ;
; Family                             ; MAX 10                                      ;
; Total logic elements               ; 893                                         ;
;     Total combinational functions  ; 893                                         ;
;     Dedicated logic registers      ; 20                                          ;
; Total registers                    ; 20                                          ;
; Total pins                         ; 794                                         ;
; Total virtual pins                 ; 0                                           ;
; Total memory bits                  ; 0                                           ;
; Embedded Multiplier 9-bit elements ; 0                                           ;
; Total PLLs                         ; 0                                           ;
; UFM blocks                         ; 0                                           ;
; ADC blocks                         ; 0                                           ;
+------------------------------------+---------------------------------------------+


+------------------------------------------------------------------------------------------------------------+
; Analysis & Synthesis Settings                                                                              ;
+------------------------------------------------------------------+--------------------+--------------------+
; Option                                                           ; Setting            ; Default Value      ;
+------------------------------------------------------------------+--------------------+--------------------+
; Device                                                           ; 10M50DAF484C7G     ;                    ;
; Top-level entity name                                            ; crossbar           ; crossbar           ;
; Family name                                                      ; MAX 10             ; Cyclone V          ;
; Maximum processors allowed for parallel compilation              ; All                ;                    ;
; Use smart compilation                                            ; Off                ; Off                ;
; Enable parallel Assembler and Timing Analyzer during compilation ; On                 ; On                 ;
; Enable compact report table                                      ; Off                ; Off                ;
; Restructure Multiplexers                                         ; Auto               ; Auto               ;
; Create Debugging Nodes for IP Cores                              ; Off                ; Off                ;
; Preserve fewer node names                                        ; On                 ; On                 ;
; Intel FPGA IP Evaluation Mode                                    ; Enable             ; Enable             ;
; Verilog Version                                                  ; Verilog_2001       ; Verilog_2001       ;
; VHDL Version                                                     ; VHDL_1993          ; VHDL_1993          ;
; State Machine Processing                                         ; Auto               ; Auto               ;
; Safe State Machine                                               ; Off                ; Off                ;
; Extract Verilog State Machines                                   ; On                 ; On                 ;
; Extract VHDL State Machines                                      ; On                 ; On                 ;
; Ignore Verilog initial constructs                                ; Off                ; Off                ;
; Iteration limit for constant Verilog loops                       ; 5000               ; 5000               ;
; Iteration limit for non-constant Verilog loops                   ; 250                ; 250                ;
; Add Pass-Through Logic to Inferred RAMs                          ; On                 ; On                 ;
; Infer RAMs from Raw Logic                                        ; On                 ; On                 ;
; Parallel Synthesis                                               ; On                 ; On                 ;
; DSP Block Balancing                                              ; Auto               ; Auto               ;
; NOT Gate Push-Back                                               ; On                 ; On                 ;
; Power-Up Don't Care                                              ; On                 ; On                 ;
; Remove Redundant Logic Cells                                     ; Off                ; Off                ;
; Remove Duplicate Registers                                       ; On                 ; On                 ;
; Ignore CARRY Buffers                                             ; Off                ; Off                ;
; Ignore CASCADE Buffers                                           ; Off                ; Off                ;
; Ignore GLOBAL Buffers                                            ; Off                ; Off                ;
; Ignore ROW GLOBAL Buffers                                        ; Off                ; Off                ;
; Ignore LCELL Buffers                                             ; Off                ; Off                ;
; Ignore SOFT Buffers                                              ; On                 ; On                 ;
; Limit AHDL Integers to 32 Bits                                   ; Off                ; Off                ;
; Optimization Technique                                           ; Balanced           ; Balanced           ;
; Carry Chain Length                                               ; 70                 ; 70                 ;
; Auto Carry Chains                                                ; On                 ; On                 ;
; Auto Open-Drain Pins                                             ; On                 ; On                 ;
; Perform WYSIWYG Primitive Resynthesis                            ; Off                ; Off                ;
; Auto ROM Replacement                                             ; On                 ; On                 ;
; Auto RAM Replacement                                             ; On                 ; On                 ;
; Auto DSP Block Replacement                                       ; On                 ; On                 ;
; Auto Shift Register Replacement                                  ; Auto               ; Auto               ;
; Allow Shift Register Merging across Hierarchies                  ; Auto               ; Auto               ;
; Auto Clock Enable Replacement                                    ; On                 ; On                 ;
; Strict RAM Replacement                                           ; Off                ; Off                ;
; Allow Synchronous Control Signals                                ; On                 ; On                 ;
; Force Use of Synchronous Clear Signals                           ; Off                ; Off                ;
; Auto RAM Block Balancing                                         ; On                 ; On                 ;
; Auto RAM to Logic Cell Conversion                                ; Off                ; Off                ;
; Auto Resource Sharing                                            ; Off                ; Off                ;
; Allow Any RAM Size For Recognition                               ; Off                ; Off                ;
; Allow Any ROM Size For Recognition                               ; Off                ; Off                ;
; Allow Any Shift Register Size For Recognition                    ; Off                ; Off                ;
; Use LogicLock Constraints during Resource Balancing              ; On                 ; On                 ;
; Ignore translate_off and synthesis_off directives                ; Off                ; Off                ;
; Timing-Driven Synthesis                                          ; On                 ; On                 ;
; Report Parameter Settings                                        ; On                 ; On                 ;
; Report Source Assignments                                        ; On                 ; On                 ;
; Report Connectivity Checks                                       ; On                 ; On                 ;
; Ignore Maximum Fan-Out Assignments                               ; Off                ; Off                ;
; Synchronization Register Chain Length                            ; 2                  ; 2                  ;
; Power Optimization During Synthesis                              ; Normal compilation ; Normal compilation ;
; HDL message level                                                ; Level2             ; Level2             ;
; Suppress Register Optimization Related Messages                  ; Off                ; Off                ;
; Number of Removed Registers Reported in Synthesis Report         ; 5000               ; 5000               ;
; Number of Swept Nodes Reported in Synthesis Report               ; 5000               ; 5000               ;
; Number of Inverted Registers Reported in Synthesis Report        ; 100                ; 100                ;
; Clock MUX Protection                                             ; On                 ; On                 ;
; Auto Gated Clock Conversion                                      ; Off                ; Off                ;
; Block Design Naming                                              ; Auto               ; Auto               ;
; SDC constraint protection                                        ; Off                ; Off                ;
; Synthesis Effort                                                 ; Auto               ; Auto               ;
; Shift Register Replacement - Allow Asynchronous Clear Signal     ; On                 ; On                 ;
; Pre-Mapping Resynthesis Optimization                             ; Off                ; Off                ;
; Analysis & Synthesis Message Level                               ; Medium             ; Medium             ;
; Disable Register Merging Across Hierarchies                      ; Auto               ; Auto               ;
; Resource Aware Inference For Block RAM                           ; On                 ; On                 ;
+------------------------------------------------------------------+--------------------+--------------------+


+------------------------------------------+
; Parallel Compilation                     ;
+----------------------------+-------------+
; Processors                 ; Number      ;
+----------------------------+-------------+
; Number detected on machine ; 8           ;
; Maximum allowed            ; 4           ;
;                            ;             ;
; Average used               ; 1.00        ;
; Maximum used               ; 4           ;
;                            ;             ;
; Usage by Processor         ; % Time Used ;
;     Processor 1            ; 100.0%      ;
;     Processor 2            ;   0.0%      ;
;     Processors 3-4         ;   0.0%      ;
+----------------------------+-------------+


+--------------------------------------------------------------------------------------------------------------------------------------------------------+
; Analysis & Synthesis Source Files Read                                                                                                                 ;
+----------------------------------+-----------------+------------------------+----------------------------------------------------------------+---------+
; File Name with User-Entered Path ; Used in Netlist ; File Type              ; File Name with Absolute Path                                   ; Library ;
+----------------------------------+-----------------+------------------------+----------------------------------------------------------------+---------+
; rtl/selector_4_1.v               ; yes             ; User Verilog HDL File  ; D:/Syntacore_Task_v2/rtl/selector_4_1.v    ;         ;
; rtl/round_robin_arb.v            ; yes             ; User Verilog HDL File  ; D:/Syntacore_Task_v2/rtl/round_robin_arb.v ;         ;
; rtl/mux_4_1.v                    ; yes             ; User Verilog HDL File  ; D:/Syntacore_Task_v2/rtl/mux_4_1.v         ;         ;
; rtl/crossbar.v                   ; yes             ; User Verilog HDL File  ; D:/Syntacore_Task_v2/rtl/crossbar.v        ;         ;
+----------------------------------+-----------------+------------------------+----------------------------------------------------------------+---------+


+----------------------------------------------------------------------------------+
; Analysis & Synthesis Resource Usage Summary                                      ;
+---------------------------------------------+------------------------------------+
; Resource                                    ; Usage                              ;
+---------------------------------------------+------------------------------------+
; Estimated Total logic elements              ; 893                                ;
;                                             ;                                    ;
; Total combinational functions               ; 893                                ;
; Logic element usage by number of LUT inputs ;                                    ;
;     -- 4 input functions                    ; 854                                ;
;     -- 3 input functions                    ; 34                                 ;
;     -- <=2 input functions                  ; 5                                  ;
;                                             ;                                    ;
; Logic elements by mode                      ;                                    ;
;     -- normal mode                          ; 893                                ;
;     -- arithmetic mode                      ; 0                                  ;
;                                             ;                                    ;
; Total registers                             ; 20                                 ;
;     -- Dedicated logic registers            ; 20                                 ;
;     -- I/O registers                        ; 0                                  ;
;                                             ;                                    ;
; I/O pins                                    ; 794                                ;
;                                             ;                                    ;
; Embedded Multiplier 9-bit elements          ; 0                                  ;
;                                             ;                                    ;
; Maximum fan-out node                        ; selector_4_1:selector_4_1_1|Mux5~0 ;
; Maximum fan-out                             ; 97                                 ;
; Total fan-out                               ; 4778                               ;
; Average fan-out                             ; 1.91                               ;
+---------------------------------------------+------------------------------------+


+----------------------------------------------------------------------------------------------------------------------------------------------------------------------------------------------------------------------------------------------------------------------------+
; Analysis & Synthesis Resource Utilization by Entity                                                                                                                                                                                                                        ;
+----------------------------------------+---------------------+---------------------------+-------------+------------+--------------+---------+-----------+------+--------------+------------+---------------------------------------------+-----------------+--------------+
; Compilation Hierarchy Node             ; Combinational ALUTs ; Dedicated Logic Registers ; Memory Bits ; UFM Blocks ; DSP Elements ; DSP 9x9 ; DSP 18x18 ; Pins ; Virtual Pins ; ADC blocks ; Full Hierarchy Name                         ; Entity Name     ; Library Name ;
+----------------------------------------+---------------------+---------------------------+-------------+------------+--------------+---------+-----------+------+--------------+------------+---------------------------------------------+-----------------+--------------+
; |crossbar                              ; 893 (16)            ; 20 (0)                    ; 0           ; 0          ; 0            ; 0       ; 0         ; 794  ; 0            ; 0          ; |crossbar                                   ; crossbar        ; work         ;
;    |mux_4_1:ack_mux_4_1_0|             ; 4 (4)               ; 0 (0)                     ; 0           ; 0          ; 0            ; 0       ; 0         ; 0    ; 0            ; 0          ; |crossbar|mux_4_1:ack_mux_4_1_0             ; mux_4_1         ; work         ;
;    |mux_4_1:ack_mux_4_1_1|             ; 4 (4)               ; 0 (0)                     ; 0           ; 0          ; 0            ; 0       ; 0         ; 0    ; 0            ; 0          ; |crossbar|mux_4_1:ack_mux_4_1_1             ; mux_4_1         ; work         ;
;    |mux_4_1:ack_mux_4_1_2|             ; 4 (4)               ; 0 (0)                     ; 0           ; 0          ; 0            ; 0       ; 0         ; 0    ; 0            ; 0          ; |crossbar|mux_4_1:ack_mux_4_1_2             ; mux_4_1         ; work         ;
;    |mux_4_1:ack_mux_4_1_3|             ; 4 (4)               ; 0 (0)                     ; 0           ; 0          ; 0            ; 0       ; 0         ; 0    ; 0            ; 0          ; |crossbar|mux_4_1:ack_mux_4_1_3             ; mux_4_1         ; work         ;
;    |mux_4_1:rdata_mux_4_1_0|           ; 64 (64)             ; 0 (0)                     ; 0           ; 0          ; 0            ; 0       ; 0         ; 0    ; 0            ; 0          ; |crossbar|mux_4_1:rdata_mux_4_1_0           ; mux_4_1         ; work         ;
;    |mux_4_1:rdata_mux_4_1_1|           ; 64 (64)             ; 0 (0)                     ; 0           ; 0          ; 0            ; 0       ; 0         ; 0    ; 0            ; 0          ; |crossbar|mux_4_1:rdata_mux_4_1_1           ; mux_4_1         ; work         ;
;    |mux_4_1:rdata_mux_4_1_2|           ; 64 (64)             ; 0 (0)                     ; 0           ; 0          ; 0            ; 0       ; 0         ; 0    ; 0            ; 0          ; |crossbar|mux_4_1:rdata_mux_4_1_2           ; mux_4_1         ; work         ;
;    |mux_4_1:rdata_mux_4_1_3|           ; 64 (64)             ; 0 (0)                     ; 0           ; 0          ; 0            ; 0       ; 0         ; 0    ; 0            ; 0          ; |crossbar|mux_4_1:rdata_mux_4_1_3           ; mux_4_1         ; work         ;
;    |round_robin_arb:round_robin_arb_0| ; 17 (17)             ; 5 (5)                     ; 0           ; 0          ; 0            ; 0       ; 0         ; 0    ; 0            ; 0          ; |crossbar|round_robin_arb:round_robin_arb_0 ; round_robin_arb ; work         ;
;    |round_robin_arb:round_robin_arb_1| ; 17 (17)             ; 5 (5)                     ; 0           ; 0          ; 0            ; 0       ; 0         ; 0    ; 0            ; 0          ; |crossbar|round_robin_arb:round_robin_arb_1 ; round_robin_arb ; work         ;
;    |round_robin_arb:round_robin_arb_2| ; 17 (17)             ; 5 (5)                     ; 0           ; 0          ; 0            ; 0       ; 0         ; 0    ; 0            ; 0          ; |crossbar|round_robin_arb:round_robin_arb_2 ; round_robin_arb ; work         ;
;    |round_robin_arb:round_robin_arb_3| ; 18 (18)             ; 5 (5)                     ; 0           ; 0          ; 0            ; 0       ; 0         ; 0    ; 0            ; 0          ; |crossbar|round_robin_arb:round_robin_arb_3 ; round_robin_arb ; work         ;
;    |selector_4_1:selector_4_1_0|       ; 134 (134)           ; 0 (0)                     ; 0           ; 0          ; 0            ; 0       ; 0         ; 0    ; 0            ; 0          ; |crossbar|selector_4_1:selector_4_1_0       ; selector_4_1    ; work         ;
;    |selector_4_1:selector_4_1_1|       ; 134 (134)           ; 0 (0)                     ; 0           ; 0          ; 0            ; 0       ; 0         ; 0    ; 0            ; 0          ; |crossbar|selector_4_1:selector_4_1_1       ; selector_4_1    ; work         ;
;    |selector_4_1:selector_4_1_2|       ; 134 (134)           ; 0 (0)                     ; 0           ; 0          ; 0            ; 0       ; 0         ; 0    ; 0            ; 0          ; |crossbar|selector_4_1:selector_4_1_2       ; selector_4_1    ; work         ;
;    |selector_4_1:selector_4_1_3|       ; 134 (134)           ; 0 (0)                     ; 0           ; 0          ; 0            ; 0       ; 0         ; 0    ; 0            ; 0          ; |crossbar|selector_4_1:selector_4_1_3       ; selector_4_1    ; work         ;
+----------------------------------------+---------------------+---------------------------+-------------+------------+--------------+---------+-----------+------+--------------+------------+---------------------------------------------+-----------------+--------------+
Note: For table entries with two numbers listed, the numbers in parentheses indicate the number of resources of the given type used by the specific entity alone. The numbers listed outside of parentheses indicate the total resources of the given type used by the specific entity and all of its sub-entities in the hierarchy.


Encoding Type:  One-Hot
+---------------------------------------------------------------------------------+
; State Machine - |crossbar|round_robin_arb:round_robin_arb_3|state               ;
+--------------+------------+------------+------------+--------------+------------+
; Name         ; state.S2_S ; state.S1_S ; state.S0_S ; state.IDLE_S ; state.S3_S ;
+--------------+------------+------------+------------+--------------+------------+
; state.IDLE_S ; 0          ; 0          ; 0          ; 0            ; 0          ;
; state.S0_S   ; 0          ; 0          ; 1          ; 1            ; 0          ;
; state.S1_S   ; 0          ; 1          ; 0          ; 1            ; 0          ;
; state.S2_S   ; 1          ; 0          ; 0          ; 1            ; 0          ;
; state.S3_S   ; 0          ; 0          ; 0          ; 1            ; 1          ;
+--------------+------------+------------+------------+--------------+------------+


Encoding Type:  One-Hot
+---------------------------------------------------------------------------------+
; State Machine - |crossbar|round_robin_arb:round_robin_arb_2|state               ;
+--------------+------------+------------+------------+--------------+------------+
; Name         ; state.S2_S ; state.S1_S ; state.S0_S ; state.IDLE_S ; state.S3_S ;
+--------------+------------+------------+------------+--------------+------------+
; state.IDLE_S ; 0          ; 0          ; 0          ; 0            ; 0          ;
; state.S0_S   ; 0          ; 0          ; 1          ; 1            ; 0          ;
; state.S1_S   ; 0          ; 1          ; 0          ; 1            ; 0          ;
; state.S2_S   ; 1          ; 0          ; 0          ; 1            ; 0          ;
; state.S3_S   ; 0          ; 0          ; 0          ; 1            ; 1          ;
+--------------+------------+------------+------------+--------------+------------+


Encoding Type:  One-Hot
+---------------------------------------------------------------------------------+
; State Machine - |crossbar|round_robin_arb:round_robin_arb_1|state               ;
+--------------+------------+------------+------------+--------------+------------+
; Name         ; state.S2_S ; state.S1_S ; state.S0_S ; state.IDLE_S ; state.S3_S ;
+--------------+------------+------------+------------+--------------+------------+
; state.IDLE_S ; 0          ; 0          ; 0          ; 0            ; 0          ;
; state.S0_S   ; 0          ; 0          ; 1          ; 1            ; 0          ;
; state.S1_S   ; 0          ; 1          ; 0          ; 1            ; 0          ;
; state.S2_S   ; 1          ; 0          ; 0          ; 1            ; 0          ;
; state.S3_S   ; 0          ; 0          ; 0          ; 1            ; 1          ;
+--------------+------------+------------+------------+--------------+------------+


Encoding Type:  One-Hot
+---------------------------------------------------------------------------------+
; State Machine - |crossbar|round_robin_arb:round_robin_arb_0|state               ;
+--------------+------------+------------+------------+--------------+------------+
; Name         ; state.S2_S ; state.S1_S ; state.S0_S ; state.IDLE_S ; state.S3_S ;
+--------------+------------+------------+------------+--------------+------------+
; state.IDLE_S ; 0          ; 0          ; 0          ; 0            ; 0          ;
; state.S0_S   ; 0          ; 0          ; 1          ; 1            ; 0          ;
; state.S1_S   ; 0          ; 1          ; 0          ; 1            ; 0          ;
; state.S2_S   ; 1          ; 0          ; 0          ; 1            ; 0          ;
; state.S3_S   ; 0          ; 0          ; 0          ; 1            ; 1          ;
+--------------+------------+------------+------------+--------------+------------+


+----------------------------------------------------------------+
; Registers Removed During Synthesis                             ;
+-------------------------------------------+--------------------+
; Register name                             ; Reason for Removal ;
+-------------------------------------------+--------------------+
; round_robin_arb:round_robin_arb_3|state~4 ; Lost fanout        ;
; round_robin_arb:round_robin_arb_3|state~5 ; Lost fanout        ;
; round_robin_arb:round_robin_arb_2|state~4 ; Lost fanout        ;
; round_robin_arb:round_robin_arb_2|state~5 ; Lost fanout        ;
; round_robin_arb:round_robin_arb_1|state~4 ; Lost fanout        ;
; round_robin_arb:round_robin_arb_1|state~5 ; Lost fanout        ;
; round_robin_arb:round_robin_arb_0|state~4 ; Lost fanout        ;
; round_robin_arb:round_robin_arb_0|state~5 ; Lost fanout        ;
; Total Number of Removed Registers = 8     ;                    ;
+-------------------------------------------+--------------------+


+------------------------------------------------------+
; General Register Statistics                          ;
+----------------------------------------------+-------+
; Statistic                                    ; Value ;
+----------------------------------------------+-------+
; Total registers                              ; 20    ;
; Number of registers using Synchronous Clear  ; 0     ;
; Number of registers using Synchronous Load   ; 0     ;
; Number of registers using Asynchronous Clear ; 20    ;
; Number of registers using Asynchronous Load  ; 0     ;
; Number of registers using Clock Enable       ; 0     ;
; Number of registers using Preset             ; 0     ;
+----------------------------------------------+-------+


+-----------------------------------------------------------------------------------------------------------------------------------------------------------+
; Multiplexer Restructuring Statistics (Restructuring Performed)                                                                                            ;
+--------------------+-----------+---------------+----------------------+------------------------+------------+---------------------------------------------+
; Multiplexer Inputs ; Bus Width ; Baseline Area ; Area if Restructured ; Saving if Restructured ; Registered ; Example Multiplexer Output                  ;
+--------------------+-----------+---------------+----------------------+------------------------+------------+---------------------------------------------+
; 4:1                ; 33 bits   ; 66 LEs        ; 66 LEs               ; 0 LEs                  ; No         ; |crossbar|mux_4_1:ack_mux_4_1_0|Mux0        ;
; 4:1                ; 33 bits   ; 66 LEs        ; 66 LEs               ; 0 LEs                  ; No         ; |crossbar|mux_4_1:ack_mux_4_1_1|Mux0        ;
; 4:1                ; 33 bits   ; 66 LEs        ; 66 LEs               ; 0 LEs                  ; No         ; |crossbar|mux_4_1:ack_mux_4_1_2|Mux0        ;
; 4:1                ; 33 bits   ; 66 LEs        ; 66 LEs               ; 0 LEs                  ; No         ; |crossbar|mux_4_1:ack_mux_4_1_3|Mux0        ;
; 4:1                ; 64 bits   ; 128 LEs       ; 128 LEs              ; 0 LEs                  ; No         ; |crossbar|selector_4_1:selector_4_1_3|Mux24 ;
; 4:1                ; 64 bits   ; 128 LEs       ; 128 LEs              ; 0 LEs                  ; No         ; |crossbar|selector_4_1:selector_4_1_2|Mux42 ;
; 4:1                ; 64 bits   ; 128 LEs       ; 128 LEs              ; 0 LEs                  ; No         ; |crossbar|selector_4_1:selector_4_1_1|Mux5  ;
; 4:1                ; 64 bits   ; 128 LEs       ; 128 LEs              ; 0 LEs                  ; No         ; |crossbar|selector_4_1:selector_4_1_0|Mux31 ;
+--------------------+-----------+---------------+----------------------+------------------------+------------+---------------------------------------------+


+--------------------------------------------------------------------------+
; Parameter Settings for User Entity Instance: Top-level Entity: |crossbar ;
+----------------+-------+-------------------------------------------------+
; Parameter Name ; Value ; Type                                            ;
+----------------+-------+-------------------------------------------------+
; ADDR_WIDTH     ; 32    ; Signed Integer                                  ;
; DATA_WIDTH     ; 32    ; Signed Integer                                  ;
+----------------+-------+-------------------------------------------------+
Note: In order to hide this table in the UI and the text report file, please set the "Show Parameter Settings in Synthesis Report" option in "Analysis and Synthesis Settings -> More Settings" to "Off".


+--------------------------------------------------------------------------+
; Parameter Settings for User Entity Instance: selector_4_1:selector_4_1_0 ;
+----------------+----------------------------------+----------------------+
; Parameter Name ; Value                            ; Type                 ;
+----------------+----------------------------------+----------------------+
; DATA_WIDTH     ; 00000000000000000000000001000001 ; Unsigned Binary      ;
+----------------+----------------------------------+----------------------+
Note: In order to hide this table in the UI and the text report file, please set the "Show Parameter Settings in Synthesis Report" option in "Analysis and Synthesis Settings -> More Settings" to "Off".


+--------------------------------------------------------------------------+
; Parameter Settings for User Entity Instance: selector_4_1:selector_4_1_1 ;
+----------------+----------------------------------+----------------------+
; Parameter Name ; Value                            ; Type                 ;
+----------------+----------------------------------+----------------------+
; DATA_WIDTH     ; 00000000000000000000000001000001 ; Unsigned Binary      ;
+----------------+----------------------------------+----------------------+
Note: In order to hide this table in the UI and the text report file, please set the "Show Parameter Settings in Synthesis Report" option in "Analysis and Synthesis Settings -> More Settings" to "Off".


+--------------------------------------------------------------------------+
; Parameter Settings for User Entity Instance: selector_4_1:selector_4_1_2 ;
+----------------+----------------------------------+----------------------+
; Parameter Name ; Value                            ; Type                 ;
+----------------+----------------------------------+----------------------+
; DATA_WIDTH     ; 00000000000000000000000001000001 ; Unsigned Binary      ;
+----------------+----------------------------------+----------------------+
Note: In order to hide this table in the UI and the text report file, please set the "Show Parameter Settings in Synthesis Report" option in "Analysis and Synthesis Settings -> More Settings" to "Off".


+--------------------------------------------------------------------------+
; Parameter Settings for User Entity Instance: selector_4_1:selector_4_1_3 ;
+----------------+----------------------------------+----------------------+
; Parameter Name ; Value                            ; Type                 ;
+----------------+----------------------------------+----------------------+
; DATA_WIDTH     ; 00000000000000000000000001000001 ; Unsigned Binary      ;
+----------------+----------------------------------+----------------------+
Note: In order to hide this table in the UI and the text report file, please set the "Show Parameter Settings in Synthesis Report" option in "Analysis and Synthesis Settings -> More Settings" to "Off".


+--------------------------------------------------------------------+
; Parameter Settings for User Entity Instance: mux_4_1:ack_mux_4_1_0 ;
+----------------+-------+-------------------------------------------+
; Parameter Name ; Value ; Type                                      ;
+----------------+-------+-------------------------------------------+
; DATA_WIDTH     ; 1     ; Signed Integer                            ;
+----------------+-------+-------------------------------------------+
Note: In order to hide this table in the UI and the text report file, please set the "Show Parameter Settings in Synthesis Report" option in "Analysis and Synthesis Settings -> More Settings" to "Off".


+--------------------------------------------------------------------+
; Parameter Settings for User Entity Instance: mux_4_1:ack_mux_4_1_1 ;
+----------------+-------+-------------------------------------------+
; Parameter Name ; Value ; Type                                      ;
+----------------+-------+-------------------------------------------+
; DATA_WIDTH     ; 1     ; Signed Integer                            ;
+----------------+-------+-------------------------------------------+
Note: In order to hide this table in the UI and the text report file, please set the "Show Parameter Settings in Synthesis Report" option in "Analysis and Synthesis Settings -> More Settings" to "Off".


+--------------------------------------------------------------------+
; Parameter Settings for User Entity Instance: mux_4_1:ack_mux_4_1_2 ;
+----------------+-------+-------------------------------------------+
; Parameter Name ; Value ; Type                                      ;
+----------------+-------+-------------------------------------------+
; DATA_WIDTH     ; 1     ; Signed Integer                            ;
+----------------+-------+-------------------------------------------+
Note: In order to hide this table in the UI and the text report file, please set the "Show Parameter Settings in Synthesis Report" option in "Analysis and Synthesis Settings -> More Settings" to "Off".


+--------------------------------------------------------------------+
; Parameter Settings for User Entity Instance: mux_4_1:ack_mux_4_1_3 ;
+----------------+-------+-------------------------------------------+
; Parameter Name ; Value ; Type                                      ;
+----------------+-------+-------------------------------------------+
; DATA_WIDTH     ; 1     ; Signed Integer                            ;
+----------------+-------+-------------------------------------------+
Note: In order to hide this table in the UI and the text report file, please set the "Show Parameter Settings in Synthesis Report" option in "Analysis and Synthesis Settings -> More Settings" to "Off".


+----------------------------------------------------------------------+
; Parameter Settings for User Entity Instance: mux_4_1:rdata_mux_4_1_0 ;
+----------------+-------+---------------------------------------------+
; Parameter Name ; Value ; Type                                        ;
+----------------+-------+---------------------------------------------+
; DATA_WIDTH     ; 32    ; Signed Integer                              ;
+----------------+-------+---------------------------------------------+
Note: In order to hide this table in the UI and the text report file, please set the "Show Parameter Settings in Synthesis Report" option in "Analysis and Synthesis Settings -> More Settings" to "Off".


+----------------------------------------------------------------------+
; Parameter Settings for User Entity Instance: mux_4_1:rdata_mux_4_1_1 ;
+----------------+-------+---------------------------------------------+
; Parameter Name ; Value ; Type                                        ;
+----------------+-------+---------------------------------------------+
; DATA_WIDTH     ; 32    ; Signed Integer                              ;
+----------------+-------+---------------------------------------------+
Note: In order to hide this table in the UI and the text report file, please set the "Show Parameter Settings in Synthesis Report" option in "Analysis and Synthesis Settings -> More Settings" to "Off".


+----------------------------------------------------------------------+
; Parameter Settings for User Entity Instance: mux_4_1:rdata_mux_4_1_2 ;
+----------------+-------+---------------------------------------------+
; Parameter Name ; Value ; Type                                        ;
+----------------+-------+---------------------------------------------+
; DATA_WIDTH     ; 32    ; Signed Integer                              ;
+----------------+-------+---------------------------------------------+
Note: In order to hide this table in the UI and the text report file, please set the "Show Parameter Settings in Synthesis Report" option in "Analysis and Synthesis Settings -> More Settings" to "Off".


+----------------------------------------------------------------------+
; Parameter Settings for User Entity Instance: mux_4_1:rdata_mux_4_1_3 ;
+----------------+-------+---------------------------------------------+
; Parameter Name ; Value ; Type                                        ;
+----------------+-------+---------------------------------------------+
; DATA_WIDTH     ; 32    ; Signed Integer                              ;
+----------------+-------+---------------------------------------------+
Note: In order to hide this table in the UI and the text report file, please set the "Show Parameter Settings in Synthesis Report" option in "Analysis and Synthesis Settings -> More Settings" to "Off".


+-----------------------------------------------------+
; Post-Synthesis Netlist Statistics for Top Partition ;
+-----------------------+-----------------------------+
; Type                  ; Count                       ;
+-----------------------+-----------------------------+
; boundary_port         ; 794                         ;
; cycloneiii_ff         ; 20                          ;
;     CLR               ; 20                          ;
; cycloneiii_lcell_comb ; 893                         ;
;     normal            ; 893                         ;
;         2 data inputs ; 5                           ;
;         3 data inputs ; 34                          ;
;         4 data inputs ; 854                         ;
;                       ;                             ;
; Max LUT depth         ; 4.00                        ;
; Average LUT depth     ; 2.36                        ;
+-----------------------+-----------------------------+


+-------------------------------+
; Elapsed Time Per Partition    ;
+----------------+--------------+
; Partition Name ; Elapsed Time ;
+----------------+--------------+
; Top            ; 00:00:02     ;
+----------------+--------------+


+-------------------------------+
; Analysis & Synthesis Messages ;
+-------------------------------+
Info: *******************************************************************
Info: Running Quartus Prime Analysis & Synthesis
    Info: Version 18.0.0 Build 614 04/24/2018 SJ Lite Edition
    Info: Processing started: Thu Jan 20 12:50:22 2022
Info: Command: quartus_map --read_settings_files=on --write_settings_files=off crossbar -c crossbar
Info (20030): Parallel compilation is enabled and will use 4 of the 4 processors detected
Info (12021): Found 1 design units, including 1 entities, in source file rtl/selector_4_1.v
    Info (12023): Found entity 1: selector_4_1 File: D:/Syntacore_Task_v2/rtl/selector_4_1.v Line: 1
Info (12021): Found 1 design units, including 1 entities, in source file rtl/round_robin_arb.v
    Info (12023): Found entity 1: round_robin_arb File: D:/Syntacore_Task_v2/rtl/round_robin_arb.v Line: 1
Info (12021): Found 1 design units, including 1 entities, in source file rtl/mux_4_1.v
    Info (12023): Found entity 1: mux_4_1 File: D:/Syntacore_Task_v2/rtl/mux_4_1.v Line: 1
Info (12021): Found 1 design units, including 1 entities, in source file rtl/crossbar.v
    Info (12023): Found entity 1: crossbar File: D:/Syntacore_Task_v2/rtl/crossbar.v Line: 1
Info (12127): Elaborating entity "crossbar" for the top level hierarchy
Info (12128): Elaborating entity "round_robin_arb" for hierarchy "round_robin_arb:round_robin_arb_0" File: D:/Syntacore_Task_v2/rtl/crossbar.v Line: 137
Info (12128): Elaborating entity "selector_4_1" for hierarchy "selector_4_1:selector_4_1_0" File: D:/Syntacore_Task_v2/rtl/crossbar.v Line: 174
Info (10264): Verilog HDL Case Statement information at selector_4_1.v(13): all case item expressions in this case statement are onehot File: D:/Syntacore_Task_v2/rtl/selector_4_1.v Line: 13
Info (12128): Elaborating entity "mux_4_1" for hierarchy "mux_4_1:ack_mux_4_1_0" File: D:/Syntacore_Task_v2/rtl/crossbar.v Line: 265
Info (12128): Elaborating entity "mux_4_1" for hierarchy "mux_4_1:rdata_mux_4_1_0" File: D:/Syntacore_Task_v2/rtl/crossbar.v Line: 350
Info (286030): Timing-Driven Synthesis is running
Info (17049): 8 registers lost all their fanouts during netlist optimizations.
Info (16010): Generating hard_block partition "hard_block:auto_generated_inst"
    Info (16011): Adding 0 node(s), including 0 DDIO, 0 PLL, 0 transceiver and 0 LCELL
Info (21057): Implemented 1687 device resources after synthesis - the final resource count might be different
    Info (21058): Implemented 398 input pins
    Info (21059): Implemented 396 output pins
    Info (21061): Implemented 893 logic cells
Info: Quartus Prime Analysis & Synthesis was successful. 0 errors, 0 warnings
    Info: Peak virtual memory: 4785 megabytes
    Info: Processing ended: Thu Jan 20 12:50:39 2022
    Info: Elapsed time: 00:00:17
    Info: Total CPU time (on all processors): 00:00:26


